amp.out   (amplitude scattering matrix)
wavelength: 57.5030   input filename: bk7s2.k             
sphere#,x,y,z,r,complex refractive index:
    1    -9.6080     0.0000     0.0000     1.2850     0.2755    -0.1940
scattering angle, s2x(complex), s3y(complex)
                  s4x(complex), s1y(complex)
phi (in degrees):    0.000
    0.00   0.599064E-03   0.374098E-02   0.000000E+00   0.706819E-27
           0.000000E+00   0.807794E-27   0.654155E-03   0.390890E-02
    1.00   0.600524E-03   0.373904E-02   0.446528E-25  -0.100211E-25
          -0.146813E-26  -0.413682E-23   0.653189E-03   0.390833E-02
    2.00   0.601493E-03   0.373423E-02   0.901416E-25  -0.204006E-25
          -0.129331E-26  -0.827323E-23   0.651905E-03   0.390600E-02
    3.00   0.601947E-03   0.372658E-02   0.135249E-24  -0.288746E-25
          -0.155044E-23  -0.123555E-22   0.650282E-03   0.390191E-02
    4.00   0.601862E-03   0.371609E-02   0.180754E-24  -0.344060E-25
          -0.875047E-27  -0.165468E-22   0.648295E-03   0.389608E-02
    5.00   0.601215E-03   0.370281E-02   0.227470E-24  -0.484729E-25
          -0.248055E-23  -0.206836E-22   0.645924E-03   0.388852E-02
    6.00   0.599988E-03   0.368675E-02   0.272104E-24  -0.372279E-25
          -0.620418E-23  -0.247109E-22   0.643148E-03   0.387925E-02
    7.00   0.598160E-03   0.366797E-02   0.317984E-24  -0.461068E-25
           0.158093E-26  -0.287505E-22   0.639948E-03   0.386829E-02
    8.00   0.595717E-03   0.364652E-02   0.362736E-24  -0.473029E-25
           0.187309E-26  -0.328874E-22   0.636305E-03   0.385566E-02
    9.00   0.592644E-03   0.362244E-02   0.408030E-24  -0.509987E-25
           0.413824E-23  -0.370239E-22   0.632202E-03   0.384140E-02
   10.00   0.588930E-03   0.359579E-02   0.452972E-24  -0.494429E-25
          -0.496051E-23  -0.411864E-22   0.627623E-03   0.382554E-02
   11.00   0.584564E-03   0.356665E-02   0.496396E-24  -0.415982E-25
           0.223363E-26  -0.227697E-22   0.622554E-03   0.380810E-02
   12.00   0.579542E-03   0.353507E-02  -0.111312E-23  -0.420535E-25
           0.662091E-23  -0.492272E-22   0.616980E-03   0.378913E-02
   13.00   0.573857E-03   0.350113E-02   0.584462E-24  -0.638382E-25
           0.331100E-23  -0.533895E-22   0.610892E-03   0.376866E-02
   14.00   0.567510E-03   0.346492E-02   0.629778E-24  -0.166175E-25
           0.331147E-23  -0.571125E-22   0.604278E-03   0.374673E-02
   15.00   0.560500E-03   0.342651E-02   0.673729E-24  -0.195650E-25
           0.402904E-26  -0.612490E-22   0.597129E-03   0.372340E-02
   16.00   0.552832E-03   0.338599E-02   0.919329E-24  -0.256042E-26
           0.331398E-23  -0.649461E-22   0.589440E-03   0.369869E-02
   17.00   0.544512E-03   0.334346E-02   0.757967E-24   0.357349E-25
           0.331262E-23  -0.694961E-22   0.581203E-03   0.367267E-02
   18.00   0.535551E-03   0.329900E-02   0.100053E-23   0.905584E-26
           0.382958E-26  -0.364869E-22   0.572416E-03   0.364539E-02
   19.00   0.525958E-03   0.325272E-02   0.837010E-24   0.620597E-25
           0.103459E-22  -0.770059E-22   0.563076E-03   0.361688E-02
   20.00   0.515751E-03   0.320471E-02   0.872167E-24   0.734327E-25
           0.662412E-23  -0.809619E-22   0.553184E-03   0.358721E-02
   21.00   0.504944E-03   0.315508E-02   0.907198E-24   0.104067E-24
           0.132426E-22  -0.848780E-22   0.542739E-03   0.355643E-02
   22.00   0.493559E-03   0.310393E-02   0.947883E-24   0.131034E-24
           0.132435E-22  -0.888009E-22   0.531746E-03   0.352460E-02
   23.00   0.481618E-03   0.305136E-02   0.984326E-24   0.219664E-24
           0.132441E-22  -0.927174E-22   0.520208E-03   0.349178E-02
   24.00   0.469145E-03   0.299748E-02   0.102258E-23   0.164350E-24
           0.132436E-22  -0.963945E-22   0.508132E-03   0.345801E-02
   25.00   0.456168E-03   0.294240E-02   0.104932E-23   0.198753E-24
           0.132439E-22  -0.500977E-22   0.495526E-03   0.342337E-02
   26.00   0.442715E-03   0.288623E-02   0.108849E-23   0.226517E-24
           0.132454E-22  -0.103723E-21   0.482399E-03   0.338790E-02
   27.00   0.428817E-03   0.282906E-02   0.111442E-23   0.214137E-24
           0.264808E-22  -0.107755E-21   0.468763E-03   0.335167E-02
   28.00   0.414508E-03   0.277102E-02   0.115049E-23   0.240296E-24
           0.132463E-22  -0.556450E-22   0.454629E-03   0.331475E-02
   29.00   0.399822E-03   0.271220E-02   0.118064E-23   0.247566E-24
           0.264809E-22  -0.115098E-21   0.440013E-03   0.327718E-02
   30.00   0.384795E-03   0.265270E-02   0.162552E-23   0.416215E-24
           0.264809E-22  -0.118458E-21   0.424929E-03   0.323904E-02
   31.00   0.369466E-03   0.259264E-02   0.122620E-23   0.317676E-24
           0.273096E-22  -0.121922E-21   0.409394E-03   0.320038E-02
   32.00   0.353873E-03   0.253212E-02   0.207909E-23   0.345820E-24
           0.405445E-22  -0.126057E-21   0.393426E-03   0.316126E-02
   33.00   0.338056E-03   0.247123E-02   0.127929E-23   0.419516E-24
           0.397177E-22  -0.129264E-21   0.377045E-03   0.312175E-02
   34.00   0.322056E-03   0.241007E-02   0.129823E-23   0.616004E-24
           0.256552E-22  -0.132469E-21   0.360272E-03   0.308189E-02
   35.00   0.305915E-03   0.234873E-02   0.131159E-23  -0.278838E-24
           0.529522E-22  -0.135879E-21   0.343127E-03   0.304176E-02
   36.00   0.289674E-03   0.228732E-02   0.134078E-23   0.463032E-24
           0.397193E-22  -0.139392E-21   0.325634E-03   0.300141E-02
   37.00   0.273377E-03   0.222591E-02   0.135351E-23   0.713266E-24
           0.529526E-22  -0.142494E-21   0.307817E-03   0.296089E-02
   38.00   0.257065E-03   0.216461E-02   0.137231E-23   0.538440E-24
           0.529530E-22  -0.219005E-21   0.289699E-03   0.292027E-02
   39.00   0.240782E-03   0.210348E-02   0.554689E-24   0.591368E-24
           0.670159E-22  -0.763205E-22   0.271307E-03   0.287960E-02
   40.00   0.224569E-03   0.204261E-02   0.138775E-23   0.619399E-24
           0.661879E-22  -0.152627E-21   0.252666E-03   0.283893E-02
   41.00   0.208469E-03   0.198207E-02   0.140609E-23   0.847386E-24
           0.678450E-22  -0.156142E-21   0.233803E-03   0.279832E-02
   42.00   0.192524E-03   0.192195E-02   0.141503E-23   0.681425E-24
           0.810779E-22  -0.158827E-21   0.214745E-03   0.275782E-02
   43.00   0.176772E-03   0.186230E-02   0.143012E-23   0.715497E-24
           0.546081E-22  -0.165863E-21   0.195521E-03   0.271749E-02
   44.00   0.161255E-03   0.180319E-02   0.143060E-23   0.555649E-24
           0.281391E-22  -0.165859E-21   0.176158E-03   0.267736E-02
   45.00   0.146011E-03   0.174468E-02   0.143959E-23   0.120330E-23
           0.794242E-22  -0.166266E-21   0.156686E-03   0.263750E-02
   46.00   0.131077E-03   0.168684E-02   0.144248E-23   0.409423E-24
           0.264831E-22  -0.860311E-22   0.137132E-03   0.259794E-02
   47.00   0.116489E-03   0.162970E-02   0.144355E-23   0.106672E-23
           0.794259E-22  -0.926552E-22   0.117525E-03   0.255873E-02
   48.00   0.102282E-03   0.157333E-02   0.144123E-23   0.130468E-23
           0.105891E-21  -0.264704E-21   0.978956E-04   0.251992E-02
   49.00   0.884893E-04   0.151776E-02   0.144424E-23   0.721981E-24
           0.546088E-22  -0.178680E-21   0.782719E-04   0.248155E-02
   50.00   0.751414E-04   0.146303E-02   0.144464E-23   0.137355E-23
           0.794249E-22  -0.926529E-22   0.586831E-04   0.244366E-02
   51.00   0.622680E-04   0.140918E-02   0.144894E-23   0.140224E-23
           0.810792E-22  -0.926472E-22   0.391582E-04   0.240629E-02
   52.00   0.498965E-04   0.135625E-02   0.611423E-24   0.102368E-23
           0.529510E-22  -0.186118E-21   0.197260E-04   0.236947E-02
   53.00   0.380522E-04   0.130426E-02   0.143599E-23   0.146215E-23
           0.105896E-21  -0.100090E-21   0.414958E-06   0.233325E-02
   54.00   0.267585E-04   0.125324E-02   0.608720E-24   0.149703E-23
           0.794255E-22  -0.278761E-21  -0.187465E-04   0.229765E-02
   55.00   0.160365E-04   0.120320E-02   0.142782E-23   0.694469E-24
           0.105892E-21  -0.199355E-21  -0.377306E-04   0.226272E-02
   56.00   0.590508E-05   0.115416E-02   0.142406E-23   0.155827E-23
           0.107549E-21  -0.291171E-21  -0.565098E-04   0.222848E-02
   57.00  -0.361912E-05   0.110613E-02   0.142179E-23   0.117133E-23
           0.529497E-22  -0.199354E-21  -0.750570E-04   0.219496E-02
   58.00  -0.125218E-04   0.105913E-02   0.140884E-23   0.161532E-23
           0.105888E-21  -0.212582E-21  -0.933456E-04   0.216219E-02
   59.00  -0.207910E-04   0.101315E-02   0.568590E-24   0.122079E-23
           0.105893E-21  -0.934666E-22  -0.111350E-03   0.213020E-02
   60.00  -0.284171E-04   0.968211E-03   0.138932E-23   0.207027E-23
           0.529551E-22  -0.107527E-21  -0.129044E-03   0.209902E-02
   61.00  -0.353929E-04   0.924295E-03   0.562249E-24   0.126993E-23
           0.105895E-21  -0.107532E-21  -0.146403E-03   0.206866E-02
   62.00  -0.417135E-04   0.881403E-03   0.550176E-24   0.170612E-23
           0.107543E-21  -0.211750E-21  -0.163403E-03   0.203915E-02
   63.00  -0.473764E-04   0.839527E-03   0.136902E-23   0.131367E-23
           0.105886E-21  -0.213405E-21  -0.180020E-03   0.201052E-02
   64.00  -0.523815E-04   0.798656E-03   0.218874E-23   0.176158E-23
           0.107548E-21  -0.319281E-21  -0.196233E-03   0.198278E-02
   65.00  -0.567310E-04   0.758775E-03   0.136040E-23   0.523289E-24
           0.105884E-21  -0.213401E-21  -0.212017E-03   0.195595E-02
   66.00  -0.604292E-04   0.719868E-03   0.134076E-23   0.968309E-24
           0.109199E-21  -0.211752E-21  -0.227353E-03   0.193005E-02
   67.00  -0.634830E-04   0.681917E-03   0.133880E-23   0.139247E-23
           0.107545E-21  -0.330860E-21  -0.242220E-03   0.190510E-02
   68.00  -0.659012E-04   0.644898E-03   0.132256E-23   0.140287E-23
           0.105886E-21  -0.212572E-21  -0.256598E-03   0.188111E-02
   69.00  -0.676949E-04   0.608788E-03   0.491843E-24   0.183201E-23
           0.107543E-21  -0.119098E-21  -0.270468E-03   0.185809E-02
   70.00  -0.688773E-04   0.573561E-03   0.130369E-23   0.142844E-23
           0.185305E-21  -0.227459E-21  -0.283812E-03   0.183607E-02
   71.00  -0.694636E-04   0.539187E-03   0.129899E-23   0.184523E-23
           0.529440E-22  -0.119104E-21  -0.296612E-03   0.181505E-02
   72.00  -0.694709E-04   0.505637E-03   0.127971E-23   0.144605E-23
           0.160490E-21  -0.225810E-21  -0.308853E-03   0.179504E-02
   73.00  -0.689184E-04   0.472877E-03   0.130222E-23   0.167019E-23
           0.158827E-21  -0.119923E-21  -0.320519E-03   0.177605E-02
   74.00  -0.678268E-04   0.440873E-03   0.126961E-23   0.166648E-23
           0.105888E-21  -0.344087E-21  -0.331595E-03   0.175810E-02
   75.00  -0.662188E-04   0.409589E-03   0.127054E-23   0.166727E-23
           0.132352E-21  -0.211755E-21  -0.342067E-03   0.174119E-02
   76.00  -0.641186E-04   0.378987E-03   0.437872E-24   0.168054E-23
           0.160486E-21  -0.241517E-21  -0.351921E-03   0.172533E-02
   77.00  -0.615519E-04   0.349029E-03   0.123892E-23   0.166678E-23
           0.107537E-21  -0.132335E-21  -0.361147E-03   0.171053E-02
   78.00  -0.585461E-04   0.319674E-03   0.125920E-23   0.147176E-23
           0.107544E-21  -0.239859E-21  -0.369732E-03   0.169680E-02
   79.00  -0.551296E-04   0.290880E-03   0.124804E-23   0.167970E-23
           0.160481E-21  -0.344102E-21  -0.377667E-03   0.168413E-02
   80.00  -0.513325E-04   0.262605E-03   0.124445E-23   0.127137E-23
           0.160484E-21  -0.109174E-21  -0.384941E-03   0.167255E-02
   81.00  -0.471857E-04   0.234805E-03   0.124467E-23   0.147048E-23
           0.105887E-21  -0.107528E-21  -0.391546E-03   0.166204E-02
   82.00  -0.427214E-04   0.207436E-03   0.124821E-23   0.168474E-23
           0.105880E-21  -0.239859E-21  -0.397474E-03   0.165262E-02
   83.00  -0.379725E-04   0.180451E-03   0.123125E-23   0.155994E-23
           0.132347E-21  -0.211733E-21  -0.402717E-03   0.164429E-02
   84.00  -0.329731E-04   0.153806E-03   0.102595E-23   0.155779E-23
           0.109193E-21  -0.213395E-21  -0.407271E-03   0.163705E-02
   85.00  -0.277578E-04   0.127452E-03   0.122907E-23   0.153073E-23
           0.109186E-21  -0.213405E-21  -0.411129E-03   0.163090E-02
   86.00  -0.223619E-04   0.101342E-03   0.122607E-23   0.152114E-23
           0.132344E-21  -0.133996E-21  -0.414286E-03   0.162585E-02
   87.00  -0.168212E-04   0.754302E-04   0.114579E-23   0.142019E-23
           0.185290E-21  -0.344098E-21  -0.416741E-03   0.162190E-02
   88.00  -0.111721E-04   0.496668E-04   0.123257E-23   0.144271E-23
           0.158824E-21  -0.105862E-21  -0.418488E-03   0.161905E-02
   89.00  -0.545113E-05   0.240039E-04   0.126325E-23   0.141776E-23
           0.109200E-21  -0.133994E-21  -0.419527E-03   0.161730E-02
   90.00   0.304954E-06  -0.160708E-05   0.120913E-23   0.133617E-23
           0.529417E-22  -0.239875E-21  -0.419857E-03   0.161665E-02
   91.00   0.605923E-05  -0.272146E-04   0.127193E-23   0.133150E-23
           0.109200E-21  -0.133994E-21  -0.419477E-03   0.161711E-02
   92.00   0.117748E-04  -0.528673E-04   0.124950E-23   0.127195E-23
           0.158824E-21  -0.105862E-21  -0.418387E-03   0.161866E-02
   93.00   0.174150E-04  -0.786135E-04   0.137808E-23   0.131575E-23
           0.185291E-21  -0.344098E-21  -0.416590E-03   0.162132E-02
   94.00   0.229432E-04  -0.104502E-03   0.126043E-23   0.117646E-23
           0.132345E-21  -0.133996E-21  -0.414086E-03   0.162507E-02
   95.00   0.283232E-04  -0.130580E-03   0.127172E-23   0.115273E-23
           0.109187E-21  -0.213405E-21  -0.410881E-03   0.162992E-02
   96.00   0.335194E-04  -0.156895E-03   0.148948E-23   0.114301E-23
           0.109193E-21  -0.213395E-21  -0.406976E-03   0.163587E-02
   97.00   0.384966E-04  -0.183496E-03   0.128745E-23   0.111584E-23
           0.132347E-21  -0.211733E-21  -0.402378E-03   0.164291E-02
   98.00   0.432202E-04  -0.210427E-03   0.131121E-23   0.998313E-24
           0.105881E-21  -0.239858E-21  -0.397091E-03   0.165104E-02
   99.00   0.476566E-04  -0.237736E-03   0.131658E-23   0.115914E-23
           0.105887E-21  -0.107528E-21  -0.391122E-03   0.166026E-02
  100.00   0.517728E-04  -0.265468E-03   0.132009E-23   0.133623E-23
           0.160484E-21  -0.109174E-21  -0.384478E-03   0.167055E-02
  101.00   0.555371E-04  -0.293666E-03   0.133270E-23   0.890827E-24
           0.160480E-21  -0.344101E-21  -0.377168E-03   0.168193E-02
  102.00   0.589187E-04  -0.322375E-03   0.135084E-23   0.107353E-23
           0.107544E-21  -0.239859E-21  -0.369200E-03   0.169438E-02
  103.00   0.618878E-04  -0.351637E-03   0.133551E-23   0.818672E-24
           0.107537E-21  -0.132335E-21  -0.360584E-03   0.170789E-02
  104.00   0.644164E-04  -0.381493E-03   0.219168E-23   0.794990E-24
           0.160486E-21  -0.241516E-21  -0.351331E-03   0.172247E-02
  105.00   0.664773E-04  -0.411984E-03   0.137558E-23   0.761708E-24
           0.132352E-21  -0.211754E-21  -0.341453E-03   0.173810E-02
  106.00   0.680452E-04  -0.443147E-03   0.139265E-23   0.721226E-24
           0.105889E-21  -0.344087E-21  -0.330961E-03   0.175477E-02
  107.00   0.690961E-04  -0.475021E-03   0.142171E-23   0.693869E-24
           0.158828E-21  -0.119922E-21  -0.319869E-03   0.177248E-02
  108.00   0.696079E-04  -0.507641E-03   0.139508E-23   0.853645E-24
           0.160492E-21  -0.225810E-21  -0.308191E-03   0.179122E-02
  109.00   0.695600E-04  -0.541041E-03   0.142419E-23   0.402257E-24
           0.529444E-22  -0.119103E-21  -0.295942E-03   0.181098E-02
  110.00   0.689337E-04  -0.575253E-03   0.142842E-23   0.787486E-24
           0.185306E-21  -0.227457E-21  -0.283137E-03   0.183175E-02
  111.00   0.677122E-04  -0.610308E-03   0.226822E-23   0.328099E-24
           0.107544E-21  -0.119097E-21  -0.269794E-03   0.185351E-02
  112.00   0.658808E-04  -0.646234E-03   0.145253E-23   0.700789E-24
           0.105885E-21  -0.212572E-21  -0.255929E-03   0.187626E-02
  113.00   0.634265E-04  -0.683058E-03   0.146961E-23   0.665810E-24
           0.107547E-21  -0.330858E-21  -0.241560E-03   0.189998E-02
  114.00   0.603387E-04  -0.720802E-03   0.146851E-23   0.102889E-23
           0.109201E-21  -0.211751E-21  -0.226708E-03   0.192465E-02
  115.00   0.566089E-04  -0.759489E-03   0.148765E-23   0.140024E-23
           0.105884E-21  -0.213401E-21  -0.211391E-03   0.195026E-02
  116.00   0.522306E-04  -0.799137E-03   0.658835E-24   0.119584E-24
           0.107548E-21  -0.319280E-21  -0.195630E-03   0.197679E-02
  117.00   0.471999E-04  -0.839763E-03   0.149324E-23   0.481752E-24
           0.105886E-21  -0.213403E-21  -0.179447E-03   0.200423E-02
  118.00   0.415148E-04  -0.881381E-03   0.233269E-23   0.316728E-25
           0.107544E-21  -0.211750E-21  -0.162863E-03   0.203255E-02
  119.00   0.351757E-04  -0.924001E-03   0.233347E-23   0.400229E-24
           0.105895E-21  -0.107531E-21  -0.145901E-03   0.206174E-02
  120.00   0.281857E-04  -0.967630E-03   0.151845E-23  -0.476011E-24
           0.529543E-22  -0.107526E-21  -0.128585E-03   0.209178E-02
  121.00   0.205497E-04  -0.101227E-02   0.234430E-23   0.309314E-24
           0.105898E-21  -0.934660E-22  -0.110940E-03   0.212263E-02
  122.00   0.122753E-04  -0.105793E-02   0.152175E-23  -0.159568E-24
           0.105889E-21  -0.212581E-21  -0.929886E-04   0.215428E-02
  123.00   0.337233E-05  -0.110461E-02   0.151755E-23   0.217598E-24
           0.529495E-22  -0.199352E-21  -0.747577E-04   0.218671E-02
  124.00  -0.614697E-05  -0.115229E-02   0.152305E-23  -0.245288E-24
           0.107549E-21  -0.291170E-21  -0.562730E-04   0.221987E-02
  125.00  -0.162681E-04  -0.120097E-02   0.152297E-23   0.547242E-24
           0.105893E-21  -0.199354E-21  -0.375608E-04   0.225376E-02
  126.00  -0.269742E-04  -0.125064E-02   0.234411E-23  -0.330046E-24
           0.794253E-22  -0.278759E-21  -0.186482E-04   0.228832E-02
  127.00  -0.382464E-04  -0.130128E-02   0.151688E-23  -0.367160E-24
           0.105896E-21  -0.100089E-21   0.437441E-06   0.232354E-02
  128.00  -0.500632E-04  -0.135287E-02   0.234115E-23  -0.202141E-26
           0.529510E-22  -0.186117E-21   0.196684E-04   0.235939E-02
  129.00  -0.624014E-04  -0.140538E-02   0.150535E-23  -0.461817E-24
           0.810824E-22  -0.926464E-22   0.390166E-04   0.239581E-02
  130.00  -0.752354E-04  -0.145879E-02   0.149213E-23  -0.498326E-24
           0.794265E-22  -0.926517E-22   0.584536E-04   0.243279E-02
  131.00  -0.885378E-04  -0.151307E-02   0.148561E-23   0.866194E-25
           0.546104E-22  -0.178679E-21   0.779508E-04   0.247029E-02
  132.00  -0.102279E-03  -0.156819E-02   0.148092E-23  -0.581412E-24
           0.105894E-21  -0.264703E-21   0.974794E-04   0.250825E-02
  133.00  -0.116428E-03  -0.162409E-02   0.146424E-23  -0.416163E-24
           0.794275E-22  -0.926535E-22   0.117011E-03   0.254665E-02
  134.00  -0.130953E-03  -0.168073E-02   0.145111E-23   0.161764E-24
           0.264863E-22  -0.860303E-22   0.136516E-03   0.258544E-02
  135.00  -0.145817E-03  -0.173808E-02   0.143670E-23  -0.694269E-24
           0.794260E-22  -0.166264E-21   0.155966E-03   0.262458E-02
  136.00  -0.160987E-03  -0.179607E-02   0.141797E-23  -0.105458E-24
           0.281391E-22  -0.165858E-21   0.175332E-03   0.266402E-02
  137.00  -0.176423E-03  -0.185465E-02   0.140737E-23  -0.354750E-24
           0.546097E-22  -0.165862E-21   0.194586E-03   0.270371E-02
  138.00  -0.192089E-03  -0.191377E-02   0.138071E-23  -0.387922E-24
           0.810795E-22  -0.158826E-21   0.213699E-03   0.274362E-02
  139.00  -0.207944E-03  -0.197334E-02   0.136166E-23  -0.632250E-24
           0.678459E-22  -0.156141E-21   0.232644E-03   0.278368E-02
  140.00  -0.223947E-03  -0.203332E-02   0.133344E-23  -0.442131E-24
           0.661895E-22  -0.152626E-21   0.251392E-03   0.282385E-02
  141.00  -0.240059E-03  -0.209362E-02   0.214015E-23  -0.460972E-24
           0.670175E-22  -0.763194E-22   0.269918E-03   0.286407E-02
  142.00  -0.256237E-03  -0.215417E-02   0.129253E-23  -0.510038E-24
           0.529562E-22  -0.219005E-21   0.288194E-03   0.290430E-02
  143.00  -0.272440E-03  -0.221489E-02   0.126278E-23  -0.743118E-24
           0.529566E-22  -0.142493E-21   0.306195E-03   0.294448E-02
  144.00  -0.288625E-03  -0.227570E-02   0.123789E-23  -0.563456E-24
           0.397209E-22  -0.139392E-21   0.323895E-03   0.298455E-02
  145.00  -0.304749E-03  -0.233652E-02   0.119717E-23  -0.149904E-23
           0.529546E-22  -0.135879E-21   0.341271E-03   0.302446E-02
  146.00  -0.320772E-03  -0.239725E-02   0.117300E-23  -0.802311E-24
           0.256568E-22  -0.132468E-21   0.358299E-03   0.306415E-02
  147.00  -0.336651E-03  -0.245780E-02   0.114562E-23  -0.673645E-24
           0.397193E-22  -0.129263E-21   0.374957E-03   0.310356E-02
  148.00  -0.352344E-03  -0.251808E-02   0.280221E-24  -0.628377E-24
           0.405461E-22  -0.126057E-21   0.391222E-03   0.314264E-02
  149.00  -0.367813E-03  -0.257799E-02   0.107253E-23  -0.642698E-24
           0.273105E-22  -0.121921E-21   0.407076E-03   0.318132E-02
  150.00  -0.383016E-03  -0.263744E-02   0.633622E-24  -0.780456E-24
           0.264833E-22  -0.118457E-21   0.422498E-03   0.321955E-02
  151.00  -0.397916E-03  -0.269632E-02   0.100868E-23  -0.664844E-24
           0.264833E-22  -0.115097E-21   0.437472E-03   0.325726E-02
  152.00  -0.412475E-03  -0.275454E-02   0.969926E-24  -0.656531E-24
           0.132463E-22  -0.556444E-22   0.451980E-03   0.329440E-02
  153.00  -0.426658E-03  -0.281198E-02   0.926348E-24  -0.660109E-24
           0.264808E-22  -0.107754E-21   0.466007E-03   0.333091E-02
  154.00  -0.440430E-03  -0.286854E-02   0.895277E-24  -0.715766E-24
           0.132462E-22  -0.103723E-21   0.479539E-03   0.336672E-02
  155.00  -0.453758E-03  -0.292412E-02   0.848324E-24  -0.717327E-24
           0.132463E-22  -0.500974E-22   0.492565E-03   0.340179E-02
  156.00  -0.466613E-03  -0.297861E-02   0.816464E-24  -0.712544E-24
           0.132452E-22  -0.963943E-22   0.505073E-03   0.343604E-02
  157.00  -0.478965E-03  -0.303191E-02   0.774595E-24  -0.767420E-24
           0.132441E-22  -0.927170E-22   0.517054E-03   0.346941E-02
  158.00  -0.490787E-03  -0.308392E-02   0.733859E-24  -0.691303E-24
           0.132435E-22  -0.888007E-22   0.528500E-03   0.350186E-02
  159.00  -0.502057E-03  -0.313451E-02   0.692084E-24  -0.657566E-24
           0.132434E-22  -0.848778E-22   0.539405E-03   0.353333E-02
  160.00  -0.512751E-03  -0.318361E-02   0.653752E-24  -0.663548E-24
           0.662574E-23  -0.809617E-22   0.549766E-03   0.356375E-02
  161.00  -0.522850E-03  -0.323109E-02   0.620392E-24  -0.638570E-24
           0.103475E-22  -0.770057E-22   0.559578E-03   0.359307E-02
  162.00  -0.532338E-03  -0.327686E-02   0.371490E-24  -0.612860E-24
           0.907973E-26  -0.364868E-22   0.568842E-03   0.362125E-02
  163.00  -0.541200E-03  -0.332083E-02   0.543197E-24  -0.605834E-24
           0.331666E-23  -0.694960E-22   0.577556E-03   0.364822E-02
  164.00  -0.549424E-03  -0.336289E-02   0.293299E-24  -0.558566E-24
           0.331438E-23  -0.649464E-22   0.585725E-03   0.367393E-02
  165.00  -0.557002E-03  -0.340296E-02   0.466408E-24  -0.542182E-24
           0.584629E-26  -0.612491E-22   0.593351E-03   0.369835E-02
  166.00  -0.563926E-03  -0.344094E-02   0.427559E-24  -0.505075E-24
           0.331491E-23  -0.571129E-22   0.600440E-03   0.372141E-02
  167.00  -0.570194E-03  -0.347675E-02   0.388956E-24  -0.462015E-24
           0.331443E-23  -0.533895E-22   0.606999E-03   0.374308E-02
  168.00  -0.575805E-03  -0.351031E-02  -0.130166E-23  -0.460917E-24
           0.662111E-23  -0.492272E-22   0.613037E-03   0.376330E-02
  169.00  -0.580760E-03  -0.354154E-02   0.317247E-24  -0.425225E-24
           0.405110E-26  -0.227697E-22   0.618564E-03   0.378205E-02
  170.00  -0.585063E-03  -0.357036E-02   0.284565E-24  -0.397620E-24
          -0.496021E-23  -0.411868E-22   0.623592E-03   0.379928E-02
  171.00  -0.588722E-03  -0.359670E-02   0.250270E-24  -0.363544E-24
           0.413824E-23  -0.370243E-22   0.628133E-03   0.381496E-02
  172.00  -0.591745E-03  -0.362051E-02   0.217839E-24  -0.324260E-24
           0.207507E-26  -0.328874E-22   0.632203E-03   0.382905E-02
  173.00  -0.594145E-03  -0.364173E-02   0.187185E-24  -0.287517E-24
           0.168196E-26  -0.287509E-22   0.635817E-03   0.384153E-02
  174.00  -0.595935E-03  -0.366030E-02   0.156488E-24  -0.256084E-24
          -0.620090E-23  -0.247109E-22   0.638993E-03   0.385236E-02
  175.00  -0.597132E-03  -0.367617E-02   0.128772E-24  -0.206221E-24
          -0.248048E-23  -0.206844E-22   0.641748E-03   0.386152E-02
  176.00  -0.597754E-03  -0.368931E-02   0.991768E-25  -0.170101E-24
           0.240669E-26  -0.165476E-22   0.644102E-03   0.386899E-02
  177.00  -0.597821E-03  -0.369968E-02   0.724238E-25  -0.129921E-24
          -0.155043E-23  -0.123555E-22   0.646076E-03   0.387475E-02
  178.00  -0.597355E-03  -0.370725E-02   0.469944E-25  -0.872392E-25
           0.194422E-26  -0.827403E-23   0.647691E-03   0.387878E-02
  179.00  -0.596380E-03  -0.371201E-02   0.225514E-25  -0.431542E-25
           0.176465E-26  -0.413682E-23   0.648969E-03   0.388108E-02
  180.00  -0.594920E-03  -0.371393E-02   0.000000E+00   0.706819E-27
           0.000000E+00  -0.807794E-27   0.649932E-03   0.388164E-02
