    1     1     1    -93.507 
    1     2     2      0.000 
    1     3     3     -0.000 
    1     4     4      3.816 
    2     5     1    -53.602 
    2     6     2      0.000 
    2     7     3     -0.000 
    2     8     4      3.816 
    3     9     1    -48.507 
    3    10     2      0.000 
    3    11     3      0.000 
    3    12     4      3.816 
    4    13     1    -35.829 
    4    14     2      0.000 
    4    15     3      0.000 
    4    16     4      3.816 
    5    17     1    -27.445 
    5    18     2     -0.000 
    5    19     3     -0.000 
    5    20     4      3.816 
    6    21     1      5.974 
    6    22     2     -0.000 
    6    23     3     -0.000 
    6    24     4      3.816 
    7    25     1     35.143 
    7    26     2     -0.000 
    7    27     3      0.000 
    7    28     4      3.816 
    8    29     1     42.705 
    8    30     2     -0.000 
    8    31     3      0.000 
    8    32     4      3.816 
    9    33     1     65.525 
    9    34     2     -0.000 
    9    35     3     -0.000 
    9    36     4      3.816 
   10    37     1    109.542 
   10    38     2     -0.000 
   10    39     3     -0.000 
   10    40     4      3.816 
